# JRE version: 7.0_15-b03
# Java VM: Java HotSpot(TM) 64-Bit Server VM (23.7-b01 mixed mode windows-amd64 compressed oops)
Heap
 PSYoungGen      total 219904K, used 115514K [0x00000000e0560000, 0x00000000f0350000, 0x0000000100000000)
  eden space 181184K, 50% used [0x00000000e0560000,0x00000000e5e76e08,0x00000000eb650000)
  from space 38720K, 62% used [0x00000000edd80000,0x00000000ef537cd8,0x00000000f0350000)
  to   space 39424K, 0% used [0x00000000eb650000,0x00000000eb650000,0x00000000edcd0000)
 ParOldGen       total 61056K, used 43013K [0x00000000a1000000, 0x00000000a4ba0000, 0x00000000e0560000)
  object space 61056K, 70% used [0x00000000a1000000,0x00000000a3a01400,0x00000000a4ba0000)
 PSPermGen       total 26496K, used 19751K [0x000000009be00000, 0x000000009d7e0000, 0x00000000a1000000)
  object space 26496K, 74% used [0x000000009be00000,0x000000009d149db0,0x000000009d7e0000)
GC Heap History (10 events):
Event: 332.334 GC heap before
{Heap before GC invocations=274 (full 12):
 PSYoungGen      total 176128K, used 167000K [0x00000000e0560000, 0x00000000eec20000, 0x0000000100000000)
  eden space 137920K, 99% used [0x00000000e0560000,0x00000000e8b12100,0x00000000e8c10000)
  from space 38208K, 78% used [0x00000000e8c10000,0x00000000ea974160,0x00000000eb160000)
  to   space 39552K, 0% used [0x00000000ec580000,0x00000000ec580000,0x00000000eec20000)
 ParOldGen       total 82304K, used 80233K [0x00000000a1000000, 0x00000000a6060000, 0x00000000e0560000)
  object space 82304K, 97% used [0x00000000a1000000,0x00000000a5e5a700,0x00000000a6060000)
 PSPermGen       total 27584K, used 19750K [0x000000009be00000, 0x000000009d8f0000, 0x00000000a1000000)
  object space 27584K, 71% used [0x000000009be00000,0x000000009d149b68,0x000000009d8f0000)
Event: 332.348 GC heap after
Heap after GC invocations=274 (full 12):
 PSYoungGen      total 176128K, used 167000K [0x00000000e0560000, 0x00000000eec20000, 0x0000000100000000)
  eden space 137920K, 99% used [0x00000000e0560000,0x00000000e8b12100,0x00000000e8c10000)
  from space 38208K, 78% used [0x00000000e8c10000,0x00000000ea974160,0x00000000eb160000)
  to   space 39552K, 25% used [0x00000000ec580000,0x00000000ecf70e30,0x00000000eec20000)
 ParOldGen       total 110464K, used 108406K [0x00000000a1000000, 0x00000000a7be0000, 0x00000000e0560000)
  object space 110464K, 98% used [0x00000000a1000000,0x00000000a79ddb60,0x00000000a7be0000)
 PSPermGen       total 27584K, used 19750K [0x000000009be00000, 0x000000009d8f0000, 0x00000000a1000000)
  object space 27584K, 71% used [0x000000009be00000,0x000000009d149b68,0x000000009d8f0000)
}
Event: 332.348 GC heap before
{Heap before GC invocations=275 (full 13):
 PSYoungGen      total 176128K, used 167000K [0x00000000e0560000, 0x00000000eec20000, 0x0000000100000000)
  eden space 137920K, 99% used [0x00000000e0560000,0x00000000e8b12100,0x00000000e8c10000)
  from space 38208K, 78% used [0x00000000e8c10000,0x00000000ea974160,0x00000000eb160000)
  to   space 39552K, 25% used [0x00000000ec580000,0x00000000ecf70e30,0x00000000eec20000)
 ParOldGen       total 110464K, used 108406K [0x00000000a1000000, 0x00000000a7be0000, 0x00000000e0560000)
  object space 110464K, 98% used [0x00000000a1000000,0x00000000a79ddb60,0x00000000a7be0000)
 PSPermGen       total 27584K, used 19750K [0x000000009be00000, 0x000000009d8f0000, 0x00000000a1000000)
  object space 27584K, 71% used [0x000000009be00000,0x000000009d149b68,0x000000009d8f0000)
Event: 332.396 GC heap after
Heap after GC invocations=275 (full 13):
 PSYoungGen      total 176128K, used 0K [0x00000000e0560000, 0x00000000eec20000, 0x0000000100000000)
  eden space 137920K, 0% used [0x00000000e0560000,0x00000000e0560000,0x00000000e8c10000)
  from space 38208K, 0% used [0x00000000e8c10000,0x00000000e8c10000,0x00000000eb160000)
  to   space 39552K, 0% used [0x00000000ec580000,0x00000000ec580000,0x00000000eec20000)
 ParOldGen       total 61056K, used 17922K [0x00000000a1000000, 0x00000000a4ba0000, 0x00000000e0560000)
  object space 61056K, 29% used [0x00000000a1000000,0x00000000a2180880,0x00000000a4ba0000)
 PSPermGen       total 26496K, used 19750K [0x000000009be00000, 0x000000009d7e0000, 0x00000000a1000000)
  object space 26496K, 74% used [0x000000009be00000,0x000000009d149b28,0x000000009d7e0000)
}
Event: 333.068 GC heap before
{Heap before GC invocations=276 (full 13):
 PSYoungGen      total 176128K, used 133070K [0x00000000e0560000, 0x00000000eec20000, 0x0000000100000000)
  eden space 137920K, 96% used [0x00000000e0560000,0x00000000e8753918,0x00000000e8c10000)
  from space 38208K, 0% used [0x00000000e8c10000,0x00000000e8c10000,0x00000000eb160000)
  to   space 39552K, 0% used [0x00000000ec580000,0x00000000ec580000,0x00000000eec20000)
 ParOldGen       total 61056K, used 23547K [0x00000000a1000000, 0x00000000a4ba0000, 0x00000000e0560000)
  object space 61056K, 38% used [0x00000000a1000000,0x00000000a26fec90,0x00000000a4ba0000)
 PSPermGen       total 26496K, used 19751K [0x000000009be00000, 0x000000009d7e0000, 0x00000000a1000000)
  object space 26496K, 74% used [0x000000009be00000,0x000000009d149db0,0x000000009d7e0000)
Event: 333.075 GC heap after
Heap after GC invocations=276 (full 13):
 PSYoungGen      total 197056K, used 26627K [0x00000000e0560000, 0x00000000eedc0000, 0x0000000100000000)
  eden space 157504K, 0% used [0x00000000e0560000,0x00000000e0560000,0x00000000e9f30000)
  from space 39552K, 67% used [0x00000000ec580000,0x00000000edf80d10,0x00000000eec20000)
  to   space 39232K, 0% used [0x00000000e9f30000,0x00000000e9f30000,0x00000000ec580000)
 ParOldGen       total 61056K, used 23547K [0x00000000a1000000, 0x00000000a4ba0000, 0x00000000e0560000)
  object space 61056K, 38% used [0x00000000a1000000,0x00000000a26fec90,0x00000000a4ba0000)
 PSPermGen       total 26496K, used 19751K [0x000000009be00000, 0x000000009d7e0000, 0x00000000a1000000)
  object space 26496K, 74% used [0x000000009be00000,0x000000009d149db0,0x000000009d7e0000)
}
Event: 333.954 GC heap before
{Heap before GC invocations=277 (full 13):
 PSYoungGen      total 197056K, used 184131K [0x00000000e0560000, 0x00000000eedc0000, 0x0000000100000000)
  eden space 157504K, 100% used [0x00000000e0560000,0x00000000e9f30000,0x00000000e9f30000)
  from space 39552K, 67% used [0x00000000ec580000,0x00000000edf80d10,0x00000000eec20000)
  to   space 39232K, 0% used [0x00000000e9f30000,0x00000000e9f30000,0x00000000ec580000)
 ParOldGen       total 61056K, used 34911K [0x00000000a1000000, 0x00000000a4ba0000, 0x00000000e0560000)
  object space 61056K, 57% used [0x00000000a1000000,0x00000000a3217f30,0x00000000a4ba0000)
 PSPermGen       total 26496K, used 19751K [0x000000009be00000, 0x000000009d7e0000, 0x00000000a1000000)
  object space 26496K, 74% used [0x000000009be00000,0x000000009d149db0,0x000000009d7e0000)
Event: 333.957 GC heap after
Heap after GC invocations=277 (full 13):
 PSYoungGen      total 196736K, used 7660K [0x00000000e0560000, 0x00000000f04e0000, 0x0000000100000000)
  eden space 157504K, 0% used [0x00000000e0560000,0x00000000e0560000,0x00000000e9f30000)
  from space 39232K, 19% used [0x00000000e9f30000,0x00000000ea6ab0c0,0x00000000ec580000)
  to   space 40320K, 0% used [0x00000000edd80000,0x00000000edd80000,0x00000000f04e0000)
 ParOldGen       total 61056K, used 37363K [0x00000000a1000000, 0x00000000a4ba0000, 0x00000000e0560000)
  object space 61056K, 61% used [0x00000000a1000000,0x00000000a347cfe0,0x00000000a4ba0000)
 PSPermGen       total 26496K, used 19751K [0x000000009be00000, 0x000000009d7e0000, 0x00000000a1000000)
  object space 26496K, 74% used [0x000000009be00000,0x000000009d149db0,0x000000009d7e0000)
}
Event: 334.832 GC heap before
{Heap before GC invocations=278 (full 13):
 PSYoungGen      total 196736K, used 163851K [0x00000000e0560000, 0x00000000f04e0000, 0x0000000100000000)
  eden space 157504K, 99% used [0x00000000e0560000,0x00000000e9de7c20,0x00000000e9f30000)
  from space 39232K, 19% used [0x00000000e9f30000,0x00000000ea6ab0c0,0x00000000ec580000)
  to   space 40320K, 0% used [0x00000000edd80000,0x00000000edd80000,0x00000000f04e0000)
 ParOldGen       total 61056K, used 42988K [0x00000000a1000000, 0x00000000a4ba0000, 0x00000000e0560000)
  object space 61056K, 70% used [0x00000000a1000000,0x00000000a39fb3f0,0x00000000a4ba0000)
 PSPermGen       total 26496K, used 19751K [0x000000009be00000, 0x000000009d7e0000, 0x00000000a1000000)
  object space 26496K, 74% used [0x000000009be00000,0x000000009d149db0,0x000000009d7e0000)
Event: 334.840 GC heap after
Heap after GC invocations=278 (full 13):
 PSYoungGen      total 219904K, used 24287K [0x00000000e0560000, 0x00000000f0350000, 0x0000000100000000)
  eden space 181184K, 0% used [0x00000000e0560000,0x00000000e0560000,0x00000000eb650000)
  from space 38720K, 62% used [0x00000000edd80000,0x00000000ef537cd8,0x00000000f0350000)
  to   space 39424K, 0% used [0x00000000eb650000,0x00000000eb650000,0x00000000edcd0000)
 ParOldGen       total 61056K, used 43013K [0x00000000a1000000, 0x00000000a4ba0000, 0x00000000e0560000)
  object space 61056K, 70% used [0x00000000a1000000,0x00000000a3a01400,0x00000000a4ba0000)
 PSPermGen       total 26496K, used 19751K [0x000000009be00000, 0x000000009d7e0000, 0x00000000a1000000)
  object space 26496K, 74% used [0x000000009be00000,0x000000009d149db0,0x000000009d7e0000)
}

